Using pre-set license
Built from '2020.3/staging' branch; Version is '2020.3.4f1 (0abb6314276a) revision 703331'; Using compiler version '192528614'; Build Type 'Release'
OS: 'Windows 10 Pro; OS build 19042.867; Version 2009; 64bit' Language: 'ru' Physical Memory: 65481 MB
BatchMode: 1, IsHumanControllingUs: 0, StartBugReporterOnCrash: 0, Is64bit: 1, IsPro: 0

 COMMAND LINE ARGUMENTS:
C:\Program Files\Unity\Hub\Editor\2020.3.4f1\Editor\Unity.exe
-adb2
-batchMode
-noUpm
-name
AssetImportWorker0
-projectPath
E:/Unity Projects/TerrainGen
-logFile
Logs/AssetImportWorker0.log
-srvPort
60570
Successfully changed project path to: E:/Unity Projects/TerrainGen
E:/Unity Projects/TerrainGen
Using Asset Import Pipeline V2.
Refreshing native plugins compatible for Editor in 18.68 ms, found 0 plugins.
Preloading 0 native plugins for Editor in 0.00 ms.
Initialize engine version: 2020.3.4f1 (0abb6314276a)
[Subsystems] Discovering subsystems at path C:/Program Files/Unity/Hub/Editor/2020.3.4f1/Editor/Data/Resources/UnitySubsystems
[Subsystems] Discovering subsystems at path E:/Unity Projects/TerrainGen/Assets
GfxDevice: creating device client; threaded=0
Direct3D:
    Version:  Direct3D 11.0 [level 11.1]
    Renderer: NVIDIA GeForce GTX 1060 6GB (ID=0x1c03)
    Vendor:   
    VRAM:     6052 MB
    Driver:   27.21.14.5751
Initialize mono
Mono path[0] = 'C:/Program Files/Unity/Hub/Editor/2020.3.4f1/Editor/Data/Managed'
Mono path[1] = 'C:/Program Files/Unity/Hub/Editor/2020.3.4f1/Editor/Data/MonoBleedingEdge/lib/mono/unityjit'
Mono config path = 'C:/Program Files/Unity/Hub/Editor/2020.3.4f1/Editor/Data/MonoBleedingEdge/etc'
Using monoOptions --debugger-agent=transport=dt_socket,embedding=1,server=y,suspend=n,address=127.0.0.1:56440
Begin MonoManager ReloadAssembly
Registering precompiled unity dll's ...
Register platform support module: C:/Program Files/Unity/Hub/Editor/2020.3.4f1/Editor/Data/PlaybackEngines/MacStandaloneSupport/UnityEditor.OSXStandalone.Extensions.dll
Register platform support module: C:/Program Files/Unity/Hub/Editor/2020.3.4f1/Editor/Data/PlaybackEngines/WindowsStandaloneSupport/UnityEditor.WindowsStandalone.Extensions.dll
Registered in 0.003225 seconds.
Native extension for WindowsStandalone target not found
Native extension for OSXStandalone target not found
Refreshing native plugins compatible for Editor in 19.15 ms, found 0 plugins.
Preloading 0 native plugins for Editor in 0.00 ms.
Mono: successfully reloaded assembly
- Completed reload, in  1.155 seconds
Platform modules already initialized, skipping
Registering precompiled user dll's ...
Registered in 0.000559 seconds.
Begin MonoManager ReloadAssembly
Native extension for WindowsStandalone target not found
Native extension for OSXStandalone target not found
Refreshing native plugins compatible for Editor in 0.18 ms, found 0 plugins.
Preloading 0 native plugins for Editor in 0.00 ms.
Mono: successfully reloaded assembly
- Completed reload, in  0.743 seconds
Platform modules already initialized, skipping
========================================================================
Worker process is ready to serve import requests
Launched and connected shader compiler UnityShaderCompiler.exe after 0.04 seconds
Refreshing native plugins compatible for Editor in 0.17 ms, found 0 plugins.
Preloading 0 native plugins for Editor in 0.00 ms.
Unloading 1115 Unused Serialized files (Serialized files now loaded: 0)
System memory in use before: 57.1 MB.
System memory in use after: 57.1 MB.

Unloading 10 unused Assets to reduce memory usage. Loaded Objects now: 1557.
Total: 1.562500 ms (FindLiveObjects: 0.187200 ms CreateObjectMapping: 0.070100 ms MarkObjects: 1.242400 ms  DeleteObjects: 0.061700 ms)

========================================================================
Received Import Request.
  path: Assets
  artifactKey: Guid(00000000000000001000000000000000) Importer(815301076,1909f56bfc062723c751e8b465ee728b)
Start importing Assets using Guid(00000000000000001000000000000000) Importer(815301076,1909f56bfc062723c751e8b465ee728b)  -> (artifact id: '025e4f587c23674256bb898581e82961') in 0.007120 seconds
  Import took 0.008713 seconds .

========================================================================
Received Import Request.
  Time since last request: 4.228405 seconds.
  path: Assets/_Scripts
  artifactKey: Guid(3aeeada6cd61ce74d8452cf24c4bca16) Importer(815301076,1909f56bfc062723c751e8b465ee728b)
Start importing Assets/_Scripts using Guid(3aeeada6cd61ce74d8452cf24c4bca16) Importer(815301076,1909f56bfc062723c751e8b465ee728b)  -> (artifact id: 'd371be63f11814b84b205d7b64dc8e28') in 0.005497 seconds
  Import took 0.007111 seconds .

========================================================================
Received Import Request.
  Time since last request: 1.322892 seconds.
  path: Assets/Scenes
  artifactKey: Guid(a0558c18a1eabeb4dae5375b6780d4f1) Importer(815301076,1909f56bfc062723c751e8b465ee728b)
Start importing Assets/Scenes using Guid(a0558c18a1eabeb4dae5375b6780d4f1) Importer(815301076,1909f56bfc062723c751e8b465ee728b)  -> (artifact id: 'c3aea90fcb2c3a39aaf599f7775d2a59') in 0.005640 seconds
  Import took 0.007582 seconds .

========================================================================
Received Import Request.
  Time since last request: 0.001355 seconds.
  path: Assets/Scenes
  artifactKey: Guid(a0558c18a1eabeb4dae5375b6780d4f1) Importer(815301076,1909f56bfc062723c751e8b465ee728b)
Start importing Assets/Scenes using Guid(a0558c18a1eabeb4dae5375b6780d4f1) Importer(815301076,1909f56bfc062723c751e8b465ee728b)  -> (artifact id: 'c3aea90fcb2c3a39aaf599f7775d2a59') in 0.001546 seconds
  Import took 0.003545 seconds .

========================================================================
Received Import Request.
  Time since last request: 2.231276 seconds.
  path: Assets/_Scenes
  artifactKey: Guid(a0558c18a1eabeb4dae5375b6780d4f1) Importer(815301076,1909f56bfc062723c751e8b465ee728b)
Start importing Assets/_Scenes using Guid(a0558c18a1eabeb4dae5375b6780d4f1) Importer(815301076,1909f56bfc062723c751e8b465ee728b)  -> (artifact id: '1b5f89df1837799dbe0644e4bd1390a9') in 0.005546 seconds
  Import took 0.007443 seconds .

========================================================================
Received Import Request.
  Time since last request: 9.781527 seconds.
  path: Assets/_Scenes/SampleScene.unity
  artifactKey: Guid(9fc0d4010bbf28b4594072e72b8655ab) Importer(815301076,1909f56bfc062723c751e8b465ee728b)
Start importing Assets/_Scenes/SampleScene.unity using Guid(9fc0d4010bbf28b4594072e72b8655ab) Importer(815301076,1909f56bfc062723c751e8b465ee728b)  -> (artifact id: 'a0dd8c018c451bceae1e1302a1531463') in 0.011416 seconds
  Import took 0.013105 seconds .

========================================================================
Received Import Request.
  Time since last request: 5.867816 seconds.
  path: Assets/_Scenes/MainScene.unity
  artifactKey: Guid(9fc0d4010bbf28b4594072e72b8655ab) Importer(815301076,1909f56bfc062723c751e8b465ee728b)
Start importing Assets/_Scenes/MainScene.unity using Guid(9fc0d4010bbf28b4594072e72b8655ab) Importer(815301076,1909f56bfc062723c751e8b465ee728b)  -> (artifact id: '14811bf4f3f8405f2a6dcb082d210668') in 0.005601 seconds
  Import took 0.007150 seconds .

========================================================================
Received Prepare
Registering precompiled user dll's ...
Registered in 0.000561 seconds.
Begin MonoManager ReloadAssembly
Native extension for WindowsStandalone target not found
Native extension for OSXStandalone target not found
Refreshing native plugins compatible for Editor in 0.19 ms, found 0 plugins.
Preloading 0 native plugins for Editor in 0.00 ms.
Mono: successfully reloaded assembly
- Completed reload, in  0.749 seconds
Platform modules already initialized, skipping
Refreshing native plugins compatible for Editor in 0.18 ms, found 0 plugins.
Preloading 0 native plugins for Editor in 0.00 ms.
Unloading 1110 Unused Serialized files (Serialized files now loaded: 0)
System memory in use before: 57.0 MB.
System memory in use after: 57.1 MB.

Unloading 5 unused Assets to reduce memory usage. Loaded Objects now: 1560.
Total: 1.586400 ms (FindLiveObjects: 0.160800 ms CreateObjectMapping: 0.054200 ms MarkObjects: 1.326500 ms  DeleteObjects: 0.044100 ms)

========================================================================
Received Prepare
Refreshing native plugins compatible for Editor in 0.54 ms, found 0 plugins.
Preloading 0 native plugins for Editor in 0.00 ms.
Unloading 3 Unused Serialized files (Serialized files now loaded: 0)
System memory in use before: 35.0 MB.
System memory in use after: 35.1 MB.

Unloading 3 unused Assets to reduce memory usage. Loaded Objects now: 1560.
Total: 1.509800 ms (FindLiveObjects: 0.184200 ms CreateObjectMapping: 0.051000 ms MarkObjects: 1.233300 ms  DeleteObjects: 0.040000 ms)

========================================================================
Received Import Request.
  Time since last request: 121.653048 seconds.
  path: Assets/_Scripts/TerrainGenerator.cs
  artifactKey: Guid(66005546b93053e40971133bbbe30d5b) Importer(815301076,1909f56bfc062723c751e8b465ee728b)
Start importing Assets/_Scripts/TerrainGenerator.cs using Guid(66005546b93053e40971133bbbe30d5b) Importer(815301076,1909f56bfc062723c751e8b465ee728b)  -> (artifact id: '0d96ba12f33988dc5be70cc767a51560') in 0.025025 seconds
  Import took 0.027690 seconds .

========================================================================
Received Import Request.
  Time since last request: 0.005178 seconds.
  path: Assets/_Scripts/TerrainGenerator.cs
  artifactKey: Guid(66005546b93053e40971133bbbe30d5b) Importer(815301076,1909f56bfc062723c751e8b465ee728b)
Start importing Assets/_Scripts/TerrainGenerator.cs using Guid(66005546b93053e40971133bbbe30d5b) Importer(815301076,1909f56bfc062723c751e8b465ee728b)  -> (artifact id: '0d96ba12f33988dc5be70cc767a51560') in 0.002711 seconds
  Import took 0.005365 seconds .

========================================================================
Received Prepare
Registering precompiled user dll's ...
Registered in 0.000761 seconds.
Begin MonoManager ReloadAssembly
Native extension for WindowsStandalone target not found
Native extension for OSXStandalone target not found
Refreshing native plugins compatible for Editor in 0.30 ms, found 0 plugins.
Preloading 0 native plugins for Editor in 0.00 ms.
Mono: successfully reloaded assembly
- Completed reload, in  0.977 seconds
Platform modules already initialized, skipping
Refreshing native plugins compatible for Editor in 0.32 ms, found 0 plugins.
Preloading 0 native plugins for Editor in 0.00 ms.
Unloading 1111 Unused Serialized files (Serialized files now loaded: 0)
System memory in use before: 57.0 MB.
System memory in use after: 57.1 MB.

Unloading 5 unused Assets to reduce memory usage. Loaded Objects now: 1564.
Total: 12.703300 ms (FindLiveObjects: 0.202500 ms CreateObjectMapping: 0.066900 ms MarkObjects: 12.265500 ms  DeleteObjects: 0.167100 ms)

========================================================================
Received Prepare
Registering precompiled user dll's ...
Registered in 0.000877 seconds.
Begin MonoManager ReloadAssembly
Native extension for WindowsStandalone target not found
Native extension for OSXStandalone target not found
Refreshing native plugins compatible for Editor in 0.29 ms, found 0 plugins.
Preloading 0 native plugins for Editor in 0.00 ms.
Mono: successfully reloaded assembly
- Completed reload, in  1.265 seconds
Platform modules already initialized, skipping
Refreshing native plugins compatible for Editor in 0.20 ms, found 0 plugins.
Preloading 0 native plugins for Editor in 0.00 ms.
Unloading 1111 Unused Serialized files (Serialized files now loaded: 0)
System memory in use before: 57.1 MB.
System memory in use after: 57.1 MB.

Unloading 5 unused Assets to reduce memory usage. Loaded Objects now: 1567.
Total: 2.069800 ms (FindLiveObjects: 0.191600 ms CreateObjectMapping: 0.050900 ms MarkObjects: 1.772800 ms  DeleteObjects: 0.053000 ms)

========================================================================
Received Import Request.
  Time since last request: 1031.441232 seconds.
  path: Assets/_Scripts/TerrainGenerator.cs
  artifactKey: Guid(66005546b93053e40971133bbbe30d5b) Importer(815301076,1909f56bfc062723c751e8b465ee728b)
Start importing Assets/_Scripts/TerrainGenerator.cs using Guid(66005546b93053e40971133bbbe30d5b) Importer(815301076,1909f56bfc062723c751e8b465ee728b)  -> (artifact id: '5022ad9f3eb5d08404daeb94e0f43b40') in 0.006999 seconds
  Import took 0.008840 seconds .

========================================================================
Received Import Request.
  Time since last request: 222.390637 seconds.
  path: Assets/_Scripts/TerrainGenerator.cs
  artifactKey: Guid(66005546b93053e40971133bbbe30d5b) Importer(815301076,1909f56bfc062723c751e8b465ee728b)
Start importing Assets/_Scripts/TerrainGenerator.cs using Guid(66005546b93053e40971133bbbe30d5b) Importer(815301076,1909f56bfc062723c751e8b465ee728b)  -> (artifact id: '7f6e5f104508956a21140bee6265eca4') in 0.002331 seconds
  Import took 0.004284 seconds .

========================================================================
Received Import Request.
  Time since last request: 42.601178 seconds.
  path: Assets/_Scripts/TerrainGenerator.cs
  artifactKey: Guid(66005546b93053e40971133bbbe30d5b) Importer(815301076,1909f56bfc062723c751e8b465ee728b)
Start importing Assets/_Scripts/TerrainGenerator.cs using Guid(66005546b93053e40971133bbbe30d5b) Importer(815301076,1909f56bfc062723c751e8b465ee728b)  -> (artifact id: 'eb06f30f807fb089f0d8c2633a983105') in 0.001804 seconds
  Import took 0.003829 seconds .

========================================================================
Received Prepare
Registering precompiled user dll's ...
Registered in 0.000546 seconds.
Begin MonoManager ReloadAssembly
Native extension for WindowsStandalone target not found
Native extension for OSXStandalone target not found
Refreshing native plugins compatible for Editor in 0.18 ms, found 0 plugins.
Preloading 0 native plugins for Editor in 0.00 ms.
Mono: successfully reloaded assembly
- Completed reload, in  0.704 seconds
Platform modules already initialized, skipping
Refreshing native plugins compatible for Editor in 0.18 ms, found 0 plugins.
Preloading 0 native plugins for Editor in 0.00 ms.
Unloading 1111 Unused Serialized files (Serialized files now loaded: 0)
System memory in use before: 57.1 MB.
System memory in use after: 57.1 MB.

Unloading 5 unused Assets to reduce memory usage. Loaded Objects now: 1570.
Total: 1.739600 ms (FindLiveObjects: 0.156100 ms CreateObjectMapping: 0.049300 ms MarkObjects: 1.479100 ms  DeleteObjects: 0.054100 ms)

========================================================================
Received Import Request.
  Time since last request: 10.146672 seconds.
  path: Assets/_Scripts/TerrainGenerator.cs
  artifactKey: Guid(66005546b93053e40971133bbbe30d5b) Importer(815301076,1909f56bfc062723c751e8b465ee728b)
Start importing Assets/_Scripts/TerrainGenerator.cs using Guid(66005546b93053e40971133bbbe30d5b) Importer(815301076,1909f56bfc062723c751e8b465ee728b)  -> (artifact id: '050ec14f16c05fc92980ec1222c36c03') in 0.005641 seconds
  Import took 0.007360 seconds .

========================================================================
Received Prepare
Registering precompiled user dll's ...
Registered in 0.000535 seconds.
Begin MonoManager ReloadAssembly
Native extension for WindowsStandalone target not found
Native extension for OSXStandalone target not found
Refreshing native plugins compatible for Editor in 0.19 ms, found 0 plugins.
Preloading 0 native plugins for Editor in 0.00 ms.
Mono: successfully reloaded assembly
- Completed reload, in  0.674 seconds
Platform modules already initialized, skipping
Refreshing native plugins compatible for Editor in 0.18 ms, found 0 plugins.
Preloading 0 native plugins for Editor in 0.00 ms.
Unloading 1111 Unused Serialized files (Serialized files now loaded: 0)
System memory in use before: 57.1 MB.
System memory in use after: 57.2 MB.

Unloading 5 unused Assets to reduce memory usage. Loaded Objects now: 1573.
Total: 1.489900 ms (FindLiveObjects: 0.112600 ms CreateObjectMapping: 0.032900 ms MarkObjects: 1.279300 ms  DeleteObjects: 0.064500 ms)

========================================================================
Received Prepare
Registering precompiled user dll's ...
Registered in 0.000556 seconds.
Begin MonoManager ReloadAssembly
Native extension for WindowsStandalone target not found
Native extension for OSXStandalone target not found
Refreshing native plugins compatible for Editor in 0.19 ms, found 0 plugins.
Preloading 0 native plugins for Editor in 0.00 ms.
Mono: successfully reloaded assembly
- Completed reload, in  0.708 seconds
Platform modules already initialized, skipping
Refreshing native plugins compatible for Editor in 0.18 ms, found 0 plugins.
Preloading 0 native plugins for Editor in 0.00 ms.
Unloading 1111 Unused Serialized files (Serialized files now loaded: 0)
System memory in use before: 57.1 MB.
System memory in use after: 57.2 MB.

Unloading 5 unused Assets to reduce memory usage. Loaded Objects now: 1576.
Total: 1.564800 ms (FindLiveObjects: 0.114800 ms CreateObjectMapping: 0.029100 ms MarkObjects: 1.378700 ms  DeleteObjects: 0.041000 ms)

========================================================================
Received Prepare
Registering precompiled user dll's ...
Registered in 0.000631 seconds.
Begin MonoManager ReloadAssembly
Native extension for WindowsStandalone target not found
Native extension for OSXStandalone target not found
Refreshing native plugins compatible for Editor in 0.19 ms, found 0 plugins.
Preloading 0 native plugins for Editor in 0.00 ms.
Mono: successfully reloaded assembly
- Completed reload, in  0.791 seconds
Platform modules already initialized, skipping
Refreshing native plugins compatible for Editor in 0.19 ms, found 0 plugins.
Preloading 0 native plugins for Editor in 0.00 ms.
Unloading 1111 Unused Serialized files (Serialized files now loaded: 0)
System memory in use before: 57.1 MB.
System memory in use after: 57.2 MB.

Unloading 5 unused Assets to reduce memory usage. Loaded Objects now: 1579.
Total: 1.452000 ms (FindLiveObjects: 0.127800 ms CreateObjectMapping: 0.035100 ms MarkObjects: 1.242300 ms  DeleteObjects: 0.045200 ms)

========================================================================
Received Prepare
Registering precompiled user dll's ...
Registered in 0.000790 seconds.
Begin MonoManager ReloadAssembly
Native extension for WindowsStandalone target not found
Native extension for OSXStandalone target not found
Refreshing native plugins compatible for Editor in 0.18 ms, found 0 plugins.
Preloading 0 native plugins for Editor in 0.00 ms.
Mono: successfully reloaded assembly
- Completed reload, in  0.756 seconds
Platform modules already initialized, skipping
Refreshing native plugins compatible for Editor in 0.18 ms, found 0 plugins.
Preloading 0 native plugins for Editor in 0.00 ms.
Unloading 1111 Unused Serialized files (Serialized files now loaded: 0)
System memory in use before: 57.1 MB.
System memory in use after: 57.2 MB.

Unloading 5 unused Assets to reduce memory usage. Loaded Objects now: 1582.
Total: 1.725200 ms (FindLiveObjects: 0.167000 ms CreateObjectMapping: 0.040300 ms MarkObjects: 1.472800 ms  DeleteObjects: 0.044100 ms)

========================================================================
Received Prepare
Registering precompiled user dll's ...
Registered in 0.000589 seconds.
Begin MonoManager ReloadAssembly
Native extension for WindowsStandalone target not found
Native extension for OSXStandalone target not found
Refreshing native plugins compatible for Editor in 0.19 ms, found 0 plugins.
Preloading 0 native plugins for Editor in 0.00 ms.
Mono: successfully reloaded assembly
- Completed reload, in  0.685 seconds
Platform modules already initialized, skipping
Refreshing native plugins compatible for Editor in 0.18 ms, found 0 plugins.
Preloading 0 native plugins for Editor in 0.00 ms.
Unloading 1111 Unused Serialized files (Serialized files now loaded: 0)
System memory in use before: 57.1 MB.
System memory in use after: 57.2 MB.

Unloading 5 unused Assets to reduce memory usage. Loaded Objects now: 1585.
Total: 1.414100 ms (FindLiveObjects: 0.186100 ms CreateObjectMapping: 0.039500 ms MarkObjects: 1.145200 ms  DeleteObjects: 0.042400 ms)

========================================================================
Received Prepare
Registering precompiled user dll's ...
Registered in 0.000576 seconds.
Begin MonoManager ReloadAssembly
Native extension for WindowsStandalone target not found
Native extension for OSXStandalone target not found
Refreshing native plugins compatible for Editor in 0.61 ms, found 0 plugins.
Preloading 0 native plugins for Editor in 0.00 ms.
Mono: successfully reloaded assembly
- Completed reload, in  0.728 seconds
Platform modules already initialized, skipping
Refreshing native plugins compatible for Editor in 0.18 ms, found 0 plugins.
Preloading 0 native plugins for Editor in 0.00 ms.
Unloading 1111 Unused Serialized files (Serialized files now loaded: 0)
System memory in use before: 57.1 MB.
System memory in use after: 57.2 MB.

Unloading 5 unused Assets to reduce memory usage. Loaded Objects now: 1588.
Total: 1.659700 ms (FindLiveObjects: 0.170100 ms CreateObjectMapping: 0.045100 ms MarkObjects: 1.402800 ms  DeleteObjects: 0.041200 ms)

========================================================================
Received Prepare
Registering precompiled user dll's ...
Registered in 0.000638 seconds.
Begin MonoManager ReloadAssembly
Native extension for WindowsStandalone target not found
Native extension for OSXStandalone target not found
Refreshing native plugins compatible for Editor in 0.18 ms, found 0 plugins.
Preloading 0 native plugins for Editor in 0.00 ms.
Mono: successfully reloaded assembly
- Completed reload, in  0.791 seconds
Platform modules already initialized, skipping
Refreshing native plugins compatible for Editor in 0.19 ms, found 0 plugins.
Preloading 0 native plugins for Editor in 0.00 ms.
Unloading 1111 Unused Serialized files (Serialized files now loaded: 0)
System memory in use before: 57.1 MB.
System memory in use after: 57.2 MB.

Unloading 5 unused Assets to reduce memory usage. Loaded Objects now: 1591.
Total: 1.490800 ms (FindLiveObjects: 0.121600 ms CreateObjectMapping: 0.029800 ms MarkObjects: 1.297100 ms  DeleteObjects: 0.041600 ms)

========================================================================
Received Prepare
Registering precompiled user dll's ...
Registered in 0.000592 seconds.
Begin MonoManager ReloadAssembly
Native extension for WindowsStandalone target not found
Native extension for OSXStandalone target not found
Refreshing native plugins compatible for Editor in 0.36 ms, found 0 plugins.
Preloading 0 native plugins for Editor in 0.00 ms.
Mono: successfully reloaded assembly
- Completed reload, in  0.808 seconds
Platform modules already initialized, skipping
Refreshing native plugins compatible for Editor in 0.18 ms, found 0 plugins.
Preloading 0 native plugins for Editor in 0.00 ms.
Unloading 1111 Unused Serialized files (Serialized files now loaded: 0)
System memory in use before: 57.1 MB.
System memory in use after: 57.2 MB.

Unloading 5 unused Assets to reduce memory usage. Loaded Objects now: 1594.
Total: 1.453700 ms (FindLiveObjects: 0.136600 ms CreateObjectMapping: 0.035000 ms MarkObjects: 1.237300 ms  DeleteObjects: 0.043800 ms)

========================================================================
Received Prepare
Registering precompiled user dll's ...
Registered in 0.000607 seconds.
Begin MonoManager ReloadAssembly
Native extension for WindowsStandalone target not found
Native extension for OSXStandalone target not found
Refreshing native plugins compatible for Editor in 0.18 ms, found 0 plugins.
Preloading 0 native plugins for Editor in 0.00 ms.
Mono: successfully reloaded assembly
- Completed reload, in  0.720 seconds
Platform modules already initialized, skipping
Refreshing native plugins compatible for Editor in 0.17 ms, found 0 plugins.
Preloading 0 native plugins for Editor in 0.00 ms.
Unloading 1111 Unused Serialized files (Serialized files now loaded: 0)
System memory in use before: 57.1 MB.
System memory in use after: 57.2 MB.

Unloading 5 unused Assets to reduce memory usage. Loaded Objects now: 1597.
Total: 1.625500 ms (FindLiveObjects: 0.215800 ms CreateObjectMapping: 0.070100 ms MarkObjects: 1.292800 ms  DeleteObjects: 0.045500 ms)

========================================================================
Received Import Request.
  Time since last request: 1037.738875 seconds.
  path: Assets/_Materials
  artifactKey: Guid(1a2c66a967b10c946b5be1e97fafeebf) Importer(815301076,1909f56bfc062723c751e8b465ee728b)
Start importing Assets/_Materials using Guid(1a2c66a967b10c946b5be1e97fafeebf) Importer(815301076,1909f56bfc062723c751e8b465ee728b)  -> (artifact id: '1868515b3c77f7c946cedcc00df805fc') in 0.006791 seconds
  Import took 0.008663 seconds .

========================================================================
Received Import Request.
  Time since last request: 74.231858 seconds.
  path: Assets/Editor
  artifactKey: Guid(c543d51c2529128479b4e2b173aed84e) Importer(815301076,1909f56bfc062723c751e8b465ee728b)
Start importing Assets/Editor using Guid(c543d51c2529128479b4e2b173aed84e) Importer(815301076,1909f56bfc062723c751e8b465ee728b)  -> (artifact id: '29290b98248cb18d17d2a12e96cc1fa0') in 0.005491 seconds
  Import took 0.007052 seconds .

========================================================================
Received Prepare
Registering precompiled user dll's ...
Registered in 0.000601 seconds.
Begin MonoManager ReloadAssembly
Native extension for WindowsStandalone target not found
Native extension for OSXStandalone target not found
Refreshing native plugins compatible for Editor in 0.18 ms, found 0 plugins.
Preloading 0 native plugins for Editor in 0.00 ms.
Mono: successfully reloaded assembly
- Completed reload, in  0.720 seconds
Platform modules already initialized, skipping
Refreshing native plugins compatible for Editor in 0.18 ms, found 0 plugins.
Preloading 0 native plugins for Editor in 0.00 ms.
Unloading 1112 Unused Serialized files (Serialized files now loaded: 0)
System memory in use before: 57.1 MB.
System memory in use after: 57.2 MB.

Unloading 5 unused Assets to reduce memory usage. Loaded Objects now: 1601.
Total: 1.486200 ms (FindLiveObjects: 0.111600 ms CreateObjectMapping: 0.029200 ms MarkObjects: 1.306300 ms  DeleteObjects: 0.038400 ms)

========================================================================
Received Import Request.
  Time since last request: 17.412700 seconds.
  path: Assets/Editor/NewBehaviourScript.cs
  artifactKey: Guid(cdb2ace643f8769428083131ae87269f) Importer(815301076,1909f56bfc062723c751e8b465ee728b)
Start importing Assets/Editor/NewBehaviourScript.cs using Guid(cdb2ace643f8769428083131ae87269f) Importer(815301076,1909f56bfc062723c751e8b465ee728b)  -> (artifact id: '94efe3d1529a2d59a6576bf3fb6ff39c') in 0.006195 seconds
  Import took 0.007762 seconds .

========================================================================
Received Prepare
Registering precompiled user dll's ...
Registered in 0.000553 seconds.
Begin MonoManager ReloadAssembly
Native extension for WindowsStandalone target not found
Native extension for OSXStandalone target not found
Refreshing native plugins compatible for Editor in 0.18 ms, found 0 plugins.
Preloading 0 native plugins for Editor in 0.00 ms.
Mono: successfully reloaded assembly
- Completed reload, in  0.695 seconds
Platform modules already initialized, skipping
Refreshing native plugins compatible for Editor in 0.29 ms, found 0 plugins.
Preloading 0 native plugins for Editor in 0.00 ms.
Unloading 1111 Unused Serialized files (Serialized files now loaded: 0)
System memory in use before: 57.1 MB.
System memory in use after: 57.2 MB.

Unloading 5 unused Assets to reduce memory usage. Loaded Objects now: 1604.
Total: 1.641000 ms (FindLiveObjects: 0.187100 ms CreateObjectMapping: 0.057700 ms MarkObjects: 1.353400 ms  DeleteObjects: 0.041700 ms)

========================================================================
Received Import Request.
  Time since last request: 62.346925 seconds.
  path: Assets/Editor/ManualTerrainGenerator.cs
  artifactKey: Guid(f3d7e65e601c6da408d5dcdb7a1f2e9e) Importer(815301076,1909f56bfc062723c751e8b465ee728b)
Start importing Assets/Editor/ManualTerrainGenerator.cs using Guid(f3d7e65e601c6da408d5dcdb7a1f2e9e) Importer(815301076,1909f56bfc062723c751e8b465ee728b)  -> (artifact id: '867c06ff8b70800392d606098131c7dd') in 0.008875 seconds
  Import took 0.010856 seconds .

========================================================================
Received Prepare
Registering precompiled user dll's ...
Registered in 0.000554 seconds.
Begin MonoManager ReloadAssembly
Native extension for WindowsStandalone target not found
Native extension for OSXStandalone target not found
Refreshing native plugins compatible for Editor in 0.18 ms, found 0 plugins.
Preloading 0 native plugins for Editor in 0.00 ms.
Mono: successfully reloaded assembly
- Completed reload, in  0.704 seconds
Platform modules already initialized, skipping
Refreshing native plugins compatible for Editor in 0.17 ms, found 0 plugins.
Preloading 0 native plugins for Editor in 0.00 ms.
Unloading 1112 Unused Serialized files (Serialized files now loaded: 0)
System memory in use before: 57.2 MB.
System memory in use after: 57.2 MB.

Unloading 5 unused Assets to reduce memory usage. Loaded Objects now: 1608.
Total: 1.652800 ms (FindLiveObjects: 0.171100 ms CreateObjectMapping: 0.041800 ms MarkObjects: 1.397200 ms  DeleteObjects: 0.041800 ms)

========================================================================
Received Import Request.
  Time since last request: 82.318956 seconds.
  path: Assets/Editor/ManualTerrainGenerator.cs
  artifactKey: Guid(f3d7e65e601c6da408d5dcdb7a1f2e9e) Importer(815301076,1909f56bfc062723c751e8b465ee728b)
Start importing Assets/Editor/ManualTerrainGenerator.cs using Guid(f3d7e65e601c6da408d5dcdb7a1f2e9e) Importer(815301076,1909f56bfc062723c751e8b465ee728b)  -> (artifact id: 'c122ba3d26b680cb873b14e4ae1636cf') in 0.005567 seconds
  Import took 0.007915 seconds .

========================================================================
Received Prepare
Registering precompiled user dll's ...
Registered in 0.000608 seconds.
Begin MonoManager ReloadAssembly
Native extension for WindowsStandalone target not found
Native extension for OSXStandalone target not found
Refreshing native plugins compatible for Editor in 0.18 ms, found 0 plugins.
Preloading 0 native plugins for Editor in 0.00 ms.
Mono: successfully reloaded assembly
- Completed reload, in  0.804 seconds
Platform modules already initialized, skipping
Refreshing native plugins compatible for Editor in 0.18 ms, found 0 plugins.
Preloading 0 native plugins for Editor in 0.00 ms.
Unloading 1112 Unused Serialized files (Serialized files now loaded: 0)
System memory in use before: 57.2 MB.
System memory in use after: 57.2 MB.

Unloading 5 unused Assets to reduce memory usage. Loaded Objects now: 1611.
Total: 1.573200 ms (FindLiveObjects: 0.128300 ms CreateObjectMapping: 0.032900 ms MarkObjects: 1.368100 ms  DeleteObjects: 0.042900 ms)

========================================================================
Received Import Request.
  Time since last request: 45.913295 seconds.
  path: Assets/Editor/ManualTerrainGenerator.cs
  artifactKey: Guid(f3d7e65e601c6da408d5dcdb7a1f2e9e) Importer(815301076,1909f56bfc062723c751e8b465ee728b)
Start importing Assets/Editor/ManualTerrainGenerator.cs using Guid(f3d7e65e601c6da408d5dcdb7a1f2e9e) Importer(815301076,1909f56bfc062723c751e8b465ee728b)  -> (artifact id: '8949f30e7e350dc5739787cbe7ed4116') in 0.003563 seconds
  Import took 0.005302 seconds .

========================================================================
Received Prepare
Registering precompiled user dll's ...
Registered in 0.000581 seconds.
Begin MonoManager ReloadAssembly
Native extension for WindowsStandalone target not found
Native extension for OSXStandalone target not found
Refreshing native plugins compatible for Editor in 0.34 ms, found 0 plugins.
Preloading 0 native plugins for Editor in 0.00 ms.
Mono: successfully reloaded assembly
- Completed reload, in  0.862 seconds
Platform modules already initialized, skipping
Refreshing native plugins compatible for Editor in 0.18 ms, found 0 plugins.
Preloading 0 native plugins for Editor in 0.00 ms.
Unloading 1112 Unused Serialized files (Serialized files now loaded: 0)
System memory in use before: 57.2 MB.
System memory in use after: 57.2 MB.

Unloading 5 unused Assets to reduce memory usage. Loaded Objects now: 1614.
Total: 1.630200 ms (FindLiveObjects: 0.197400 ms CreateObjectMapping: 0.053800 ms MarkObjects: 1.328100 ms  DeleteObjects: 0.049900 ms)

========================================================================
Received Prepare
Registering precompiled user dll's ...
Registered in 0.000810 seconds.
Begin MonoManager ReloadAssembly
Native extension for WindowsStandalone target not found
Native extension for OSXStandalone target not found
Refreshing native plugins compatible for Editor in 0.29 ms, found 0 plugins.
Preloading 0 native plugins for Editor in 0.00 ms.
Mono: successfully reloaded assembly
- Completed reload, in  0.795 seconds
Platform modules already initialized, skipping
Refreshing native plugins compatible for Editor in 0.18 ms, found 0 plugins.
Preloading 0 native plugins for Editor in 0.00 ms.
Unloading 1112 Unused Serialized files (Serialized files now loaded: 0)
System memory in use before: 57.2 MB.
System memory in use after: 57.2 MB.

Unloading 5 unused Assets to reduce memory usage. Loaded Objects now: 1617.
Total: 1.643500 ms (FindLiveObjects: 0.128900 ms CreateObjectMapping: 0.031900 ms MarkObjects: 1.436400 ms  DeleteObjects: 0.045400 ms)

========================================================================
Received Prepare
Registering precompiled user dll's ...
Registered in 0.000564 seconds.
Begin MonoManager ReloadAssembly
Native extension for WindowsStandalone target not found
Native extension for OSXStandalone target not found
Refreshing native plugins compatible for Editor in 0.19 ms, found 0 plugins.
Preloading 0 native plugins for Editor in 0.00 ms.
Mono: successfully reloaded assembly
- Completed reload, in  0.705 seconds
Platform modules already initialized, skipping
Refreshing native plugins compatible for Editor in 0.18 ms, found 0 plugins.
Preloading 0 native plugins for Editor in 0.00 ms.
Unloading 1112 Unused Serialized files (Serialized files now loaded: 0)
System memory in use before: 57.2 MB.
System memory in use after: 57.2 MB.

Unloading 5 unused Assets to reduce memory usage. Loaded Objects now: 1620.
Total: 1.487800 ms (FindLiveObjects: 0.114900 ms CreateObjectMapping: 0.029200 ms MarkObjects: 1.297900 ms  DeleteObjects: 0.044000 ms)

========================================================================
Received Prepare
Registering precompiled user dll's ...
Registered in 0.000797 seconds.
Begin MonoManager ReloadAssembly
Native extension for WindowsStandalone target not found
Native extension for OSXStandalone target not found
Refreshing native plugins compatible for Editor in 0.19 ms, found 0 plugins.
Preloading 0 native plugins for Editor in 0.00 ms.
Mono: successfully reloaded assembly
- Completed reload, in  0.690 seconds
Platform modules already initialized, skipping
Refreshing native plugins compatible for Editor in 0.17 ms, found 0 plugins.
Preloading 0 native plugins for Editor in 0.00 ms.
Unloading 1112 Unused Serialized files (Serialized files now loaded: 0)
System memory in use before: 57.2 MB.
System memory in use after: 57.3 MB.

Unloading 5 unused Assets to reduce memory usage. Loaded Objects now: 1623.
Total: 1.658700 ms (FindLiveObjects: 0.182700 ms CreateObjectMapping: 0.037700 ms MarkObjects: 1.393800 ms  DeleteObjects: 0.043700 ms)

========================================================================
Received Prepare
Registering precompiled user dll's ...
Registered in 0.000558 seconds.
Begin MonoManager ReloadAssembly
Native extension for WindowsStandalone target not found
Native extension for OSXStandalone target not found
Refreshing native plugins compatible for Editor in 0.18 ms, found 0 plugins.
Preloading 0 native plugins for Editor in 0.00 ms.
Mono: successfully reloaded assembly
- Completed reload, in  0.694 seconds
Platform modules already initialized, skipping
Refreshing native plugins compatible for Editor in 0.18 ms, found 0 plugins.
Preloading 0 native plugins for Editor in 0.00 ms.
Unloading 1112 Unused Serialized files (Serialized files now loaded: 0)
System memory in use before: 57.2 MB.
System memory in use after: 57.3 MB.

Unloading 5 unused Assets to reduce memory usage. Loaded Objects now: 1626.
Total: 1.617500 ms (FindLiveObjects: 0.123300 ms CreateObjectMapping: 0.030100 ms MarkObjects: 1.415400 ms  DeleteObjects: 0.047400 ms)

========================================================================
Received Prepare
Registering precompiled user dll's ...
Registered in 0.000554 seconds.
Begin MonoManager ReloadAssembly
Native extension for WindowsStandalone target not found
Native extension for OSXStandalone target not found
Refreshing native plugins compatible for Editor in 0.18 ms, found 0 plugins.
Preloading 0 native plugins for Editor in 0.00 ms.
Mono: successfully reloaded assembly
- Completed reload, in  0.721 seconds
Platform modules already initialized, skipping
Refreshing native plugins compatible for Editor in 0.18 ms, found 0 plugins.
Preloading 0 native plugins for Editor in 0.00 ms.
Unloading 1112 Unused Serialized files (Serialized files now loaded: 0)
System memory in use before: 57.2 MB.
System memory in use after: 57.3 MB.

Unloading 5 unused Assets to reduce memory usage. Loaded Objects now: 1629.
Total: 1.636800 ms (FindLiveObjects: 0.116700 ms CreateObjectMapping: 0.028700 ms MarkObjects: 1.445800 ms  DeleteObjects: 0.045000 ms)

AssetImportWorkerClient::OnTransportError - code=2 error=End of file
